Arguments: 
  /usr/local/Cellar/node/11.6.0/bin/node /usr/local/bin/yarn install

PATH: 
  /usr/local/sbin:/usr/local/bin:/usr/bin:/bin:/usr/sbin:/sbin:/Users/you54f/.sdkman/candidates/gradle/current/bin:/usr/local/sbin

Yarn version: 
  1.12.3

Node version: 
  11.6.0

Platform: 
  darwin x64

Trace: 
  SyntaxError: /Users/you54f/dev/compassdev/compass/pact-examples/pact-consumer-example-typescript/package.json: Unexpected token < in JSON at position 177
      at JSON.parse (<anonymous>)
      at /usr/local/lib/node_modules/yarn/lib/cli.js:1631:59
      at Generator.next (<anonymous>)
      at step (/usr/local/lib/node_modules/yarn/lib/cli.js:304:30)
      at /usr/local/lib/node_modules/yarn/lib/cli.js:315:13

npm manifest: 
  {
    "name": "pact-consumer-example-typescript",
    "version": "1.0.0",
    "description": "",
    "dependencies": {
      "@pact-foundation/pact": "7.2.0",
      "@types/chai": "4.1.7",
  <<<<<<< HEAD
      "@types/jest": "23.3.13",
      "@types/request-promise-native": "1.0.15",
  =======
      "@types/jest": "23.3.12",
  >>>>>>> origin/master
      "chai": "4.2.0",
      "cross-env": "^5.2.0",
      "jest": "23.3.10",
      "jest-junit": "6.1.0",
      "ts-jest": "23.10.5",
  <<<<<<< HEAD
      "tslint": "5.12.1",
  =======
      "tslint": "5.12.0",
  >>>>>>> origin/master
      "tslint-config-prettier": "1.17.0",
      "typescript": "3.2.4"
    },
    "scripts": {
      "build": "tsc",
      "build-test-publish": "yarn run build && yarn run pact-test && yarn run pact-publish && yarn run pact-tag",
      "pact-test": "jest --detectOpenHandles \"^.+pacttest\\.ts$\"",
      "pact-tag": "./src/pact/tasks/tag-pacts-consumer.sh",
      "pact-publish": "./src/pact/tasks/publish-pacts.sh",
      "delete-pacts-local": "rm src/pact/pacts/*.json",
      "delete-pacts-broker": "./src/pact/tasks/delete-pacts-broker.sh"
        },
    "author": "",
    "license": "ISC"
  }

yarn manifest: 
  No manifest

Lockfile: 
  No lockfile
